/*C12*/SET SCHEMA PUBLIC
DELETE FROM BOOK WHERE ID=15
COMMIT
DELETE FROM BOOK WHERE ID=2
COMMIT
DELETE FROM BOOK WHERE ID=5
COMMIT
DELETE FROM BOOK WHERE ID=8
COMMIT
DELETE FROM BOOK WHERE ID=6
COMMIT
INSERT INTO BOOK VALUES(1,'Anonymous','Not really but maybe','Web Components rock Microservices')
COMMIT
INSERT INTO BOOK VALUES(2,'Silent Bob','','The downfall of monoliths')
COMMIT
DELETE FROM BOOK WHERE ID=1
INSERT INTO BOOK VALUES(1,'Anonymous','Not really but maybe','Web Components do rock Microservices')
COMMIT
DELETE FROM BOOK WHERE ID=1
COMMIT
